<?xml version="1.0" encoding="UTF-8"?>
<!-- Generated by org.testng.reporters.JUnitXMLReporter -->
<testsuite ignored="5" hostname="DesktopMonitor-4th-Floor-room3" failures="0" tests="4" name="adhoctesting" time="0.055" errors="0" timestamp="2023-03-25T10:01:46 IST">
  <testcase classname="com.trello.qspiders.learntestng.GroupA" name="nameA" time="0.009"/>
  <testcase classname="com.trello.qspiders.learntestng.GroupA" name="nameB" time="0.001"/>
  <testcase classname="com.trello.qspiders.learntestng.GroupC" name="nameG" time="0.001"/>
  <testcase classname="com.trello.qspiders.learntestng.GroupC" name="nameH" time="0.001"/>
  <testcase classname="com.trello.qspiders.learntestng.GroupA" name="nameC" time="0.0">
    <ignored/>
  </testcase> <!-- nameC -->
  <testcase classname="com.trello.qspiders.learntestng.GroupB" name="nameF" time="0.0">
    <ignored/>
  </testcase> <!-- nameF -->
  <testcase classname="com.trello.qspiders.learntestng.GroupC" name="nameI" time="0.0">
    <ignored/>
  </testcase> <!-- nameI -->
  <testcase classname="com.trello.qspiders.learntestng.GroupB" name="nameD" time="0.0">
    <ignored/>
  </testcase> <!-- nameD -->
  <testcase classname="com.trello.qspiders.learntestng.GroupB" name="nameE" time="0.0">
    <ignored/>
  </testcase> <!-- nameE -->
</testsuite> <!-- adhoctesting -->
