<?xml version="1.0" encoding="UTF-8"?>
<!-- Generated by org.testng.reporters.JUnitXMLReporter -->
<testsuite ignored="0" hostname="DesktopMonitor-4th-Floor-room3" failures="0" tests="5" name="segment1" time="12.151" errors="0" timestamp="2023-03-27T09:05:01 IST">
  <testcase classname="com.trello.qspiders.learntestng.DataDrivenTestingByClass" name="supplyDataToMe" time="0.006"/>
  <testcase classname="com.trello.qspiders.learntestng.DataDrivenTestingByClass" name="supplyDataToMe" time="0.004"/>
  <testcase classname="com.trello.qspiders.learntestng.DataDrivenTestingByClass" name="supplyDataToMe" time="0.002"/>
  <testcase classname="com.trello.qspiders.learntestng.DataDrivenTestingByClass" name="supplyDataToMe" time="0.001"/>
  <testcase classname="com.trello.qspiders.learntestng.UsageOfBeforeAndAfterMethod" name="testcase" time="5.054"/>
</testsuite> <!-- segment1 -->
