<?xml version="1.0" encoding="UTF-8"?>
<!-- Generated by org.testng.reporters.JUnitXMLReporter -->
<testsuite ignored="1" hostname="DesktopMonitor-4th-Floor-room3" failures="0" tests="13" name="segment2" time="0.125" errors="0" timestamp="2023-03-27T09:04:49 IST">
  <testcase classname="com.trello.qspiders.learntestng.DependsOnMethodsCheck" name="signIn" time="0.006"/>
  <testcase classname="com.trello.qspiders.learntestng.DependsOnMethodsCheck" name="login" time="0.002"/>
  <testcase classname="com.trello.qspiders.learntestng.DependsOnMethodsCheck" name="logout" time="0.002"/>
  <testcase classname="com.trello.qspiders.learntestng.DependsOnMethodsCheck" name="uploadProfilePic" time="0.002"/>
  <testcase classname="com.trello.qspiders.learntestng.DependsOnMethodsCheck" name="sendFriendRequest" time="0.002"/>
  <testcase classname="com.trello.qspiders.learntestng.DependsOnMethodsCheck" name="acceptFriendRequest" time="0.002"/>
  <testcase classname="com.trello.qspiders.learntestng.DisableTestCaseFromExecution" name="watermelonTest" time="0.002"/>
  <testcase classname="com.trello.qspiders.learntestng.DisableTestCaseFromExecution" name="mangoTest" time="0.002"/>
  <testcase classname="com.trello.qspiders.learntestng.DisableTestCaseFromExecution" name="mangoTest" time="0.001"/>
  <testcase classname="com.trello.qspiders.learntestng.DisableTestCaseFromExecution" name="mangoTest" time="0.002"/>
  <testcase classname="com.trello.qspiders.learntestng.DisableTestCaseFromExecution" name="bananaTest" time="0.001"/>
  <testcase classname="com.trello.qspiders.learntestng.DisableTestCaseFromExecution" name="grapesTest" time="0.002"/>
  <testcase classname="com.trello.qspiders.learntestng.DisableTestCaseFromExecution" name="orangeTest" time="0.001"/>
  <testcase classname="com.trello.qspiders.learntestng.DisableTestCaseFromExecution" name="appleTest" time="0.0">
    <ignored/>
  </testcase> <!-- appleTest -->
</testsuite> <!-- segment2 -->
