<?xml version="1.0" encoding="UTF-8"?>
<!-- Generated by org.testng.reporters.JUnitXMLReporter -->
<testsuite ignored="1" hostname="DesktopMonitor-4th-Floor-room3" failures="0" tests="38" name="regressiontesting" time="12.372" errors="0" timestamp="2023-03-25T08:38:34 IST">
  <testcase classname="com.trello.qspiders.learntestng.ExecuteSameTestcaseMultipleTimes" name="watermelonTest" time="0.005"/>
  <testcase classname="com.trello.qspiders.learntestng.ExecuteSameTestcaseMultipleTimes" name="mangoTest" time="0.002"/>
  <testcase classname="com.trello.qspiders.learntestng.ExecuteSameTestcaseMultipleTimes" name="mangoTest" time="0.001"/>
  <testcase classname="com.trello.qspiders.learntestng.ExecuteSameTestcaseMultipleTimes" name="mangoTest" time="0.001"/>
  <testcase classname="com.trello.qspiders.learntestng.ExecuteSameTestcaseMultipleTimes" name="bananaTest" time="0.003"/>
  <testcase classname="com.trello.qspiders.learntestng.ExecuteSameTestcaseMultipleTimes" name="grapesTest" time="0.001"/>
  <testcase classname="com.trello.qspiders.learntestng.ExecuteSameTestcaseMultipleTimes" name="orangeTest" time="0.001"/>
  <testcase classname="com.trello.qspiders.learntestng.ExecuteSameTestcaseMultipleTimes" name="appleTest" time="0.001"/>
  <testcase classname="com.trello.qspiders.learntestng.UsageOfBeforeAndAfterMethod" name="testcase" time="5.072"/>
  <testcase classname="com.trello.qspiders.learntestng.DependsOnMethodsCheck" name="signIn" time="0.002"/>
  <testcase classname="com.trello.qspiders.learntestng.DependsOnMethodsCheck" name="login" time="0.003"/>
  <testcase classname="com.trello.qspiders.learntestng.DependsOnMethodsCheck" name="logout" time="0.001"/>
  <testcase classname="com.trello.qspiders.learntestng.DependsOnMethodsCheck" name="uploadProfilePic" time="0.0"/>
  <testcase classname="com.trello.qspiders.learntestng.DependsOnMethodsCheck" name="sendFriendRequest" time="0.001"/>
  <testcase classname="com.trello.qspiders.learntestng.DependsOnMethodsCheck" name="acceptFriendRequest" time="0.001"/>
  <testcase classname="com.trello.qspiders.learntestng.WhatIfMultipleTestAnnotationsINTheClass" name="appleTest" time="0.001"/>
  <testcase classname="com.trello.qspiders.learntestng.WhatIfMultipleTestAnnotationsINTheClass" name="bananaTest" time="0.001"/>
  <testcase classname="com.trello.qspiders.learntestng.WhatIfMultipleTestAnnotationsINTheClass" name="grapesTest" time="0.0"/>
  <testcase classname="com.trello.qspiders.learntestng.WhatIfMultipleTestAnnotationsINTheClass" name="mangoTest" time="0.0"/>
  <testcase classname="com.trello.qspiders.learntestng.WhatIfMultipleTestAnnotationsINTheClass" name="orangeTest" time="0.001"/>
  <testcase classname="com.trello.qspiders.learntestng.WhatIfMultipleTestAnnotationsINTheClass" name="watermelonTest" time="0.001"/>
  <testcase classname="com.trello.qspiders.learntestng.TestNGClass" name="testCase_01" time="0.001"/>
  <testcase classname="com.trello.qspiders.learntestng.UserDefinedOrder" name="watermelonTest" time="0.0"/>
  <testcase classname="com.trello.qspiders.learntestng.UserDefinedOrder" name="mangoTest" time="0.0"/>
  <testcase classname="com.trello.qspiders.learntestng.UserDefinedOrder" name="bananaTest" time="0.0"/>
  <testcase classname="com.trello.qspiders.learntestng.UserDefinedOrder" name="grapesTest" time="0.001"/>
  <testcase classname="com.trello.qspiders.learntestng.UserDefinedOrder" name="orangeTest" time="0.001"/>
  <testcase classname="com.trello.qspiders.learntestng.UserDefinedOrder" name="appleTest" time="0.001"/>
  <testcase classname="com.trello.qspiders.learntestng.DisableTestCaseFromExecution" name="watermelonTest" time="0.001"/>
  <testcase classname="com.trello.qspiders.learntestng.DisableTestCaseFromExecution" name="mangoTest" time="0.001"/>
  <testcase classname="com.trello.qspiders.learntestng.DisableTestCaseFromExecution" name="mangoTest" time="0.0"/>
  <testcase classname="com.trello.qspiders.learntestng.DisableTestCaseFromExecution" name="mangoTest" time="0.0"/>
  <testcase classname="com.trello.qspiders.learntestng.DisableTestCaseFromExecution" name="bananaTest" time="0.001"/>
  <testcase classname="com.trello.qspiders.learntestng.DisableTestCaseFromExecution" name="grapesTest" time="0.0"/>
  <testcase classname="com.trello.qspiders.learntestng.DisableTestCaseFromExecution" name="orangeTest" time="0.001"/>
  <testcase classname="com.trello.qspiders.learntestng.OrderOfBasicAnnotations" name="uploadProfilePic" time="0.001"/>
  <testcase classname="com.trello.qspiders.learntestng.OrderOfBasicAnnotations" name="sendFriendRequest" time="0.001"/>
  <testcase classname="com.trello.qspiders.learntestng.OrderOfBasicAnnotations" name="acceptFriendRequest" time="0.002"/>
  <testcase classname="com.trello.qspiders.learntestng.DisableTestCaseFromExecution" name="appleTest" time="0.0">
    <ignored/>
  </testcase> <!-- appleTest -->
</testsuite> <!-- regressiontesting -->
