<?xml version="1.0" encoding="UTF-8"?>
<!-- Generated by org.testng.reporters.JUnitXMLReporter -->
<testsuite ignored="0" hostname="DesktopMonitor-4th-Floor-room3" failures="1" tests="1" name="edgeTest" time="21.051" errors="0" timestamp="2023-03-29T08:18:05 IST">
  <testcase classname="com.trello.qspiders.learntestng.OneGoodAutomationScript" name="actiTimeLoginLogout" time="12.576">
    <failure type="java.lang.AssertionError" message="All Validations are Sucessfull
	expected [actiTIME - login] but found [actiTIME - Login]">
      <![CDATA[java.lang.AssertionError: All Validations are Sucessfull
expected [actiTIME - login] but found [actiTIME - Login]
at com.trello.qspiders.learntestng.OneGoodAutomationScript.actiTimeLoginLogout(OneGoodAutomationScript.java:80)
at java.base/java.util.ArrayList.forEach(ArrayList.java:1511)
at java.base/java.util.concurrent.FutureTask.run(FutureTask.java:264)
at java.base/java.util.concurrent.ThreadPoolExecutor.runWorker(ThreadPoolExecutor.java:1136)
at java.base/java.util.concurrent.ThreadPoolExecutor$Worker.run(ThreadPoolExecutor.java:635)
at java.base/java.lang.Thread.run(Thread.java:833)
... Removed 18 stack frames]]>
    </failure>
  </testcase> <!-- actiTimeLoginLogout -->
</testsuite> <!-- edgeTest -->
